2025-03-10 18:25:34.963 [JavaFX Application Thread] INFO  com.tiantan.util.FileUtil - 创建数据目录: F:\code_vs\third\demo\data
2025-03-10 18:25:34.970 [JavaFX Application Thread] INFO  com.tiantan.util.FileUtil - 已创建默认应用设置
2025-03-10 18:25:34.971 [JavaFX Application Thread] INFO  com.tiantan.util.FileUtil - 成功加载应用设置
2025-03-10 18:25:35.023 [JavaFX Application Thread] ERROR c.tiantan.controller.MapController - 加载地图图像失败
java.lang.NullPointerException: Input stream must not be null
	at javafx.graphics/javafx.scene.image.Image.validateInputStream(Image.java:1142)
	at javafx.graphics/javafx.scene.image.Image.<init>(Image.java:705)
	at com.tiantan.controller.MapController.initMapBackground(MapController.java:138)
	at com.tiantan.controller.MapController.initialize(MapController.java:95)
	at javafx.fxml/javafx.fxml.FXMLLoader.loadImpl(FXMLLoader.java:2655)
	at javafx.fxml/javafx.fxml.FXMLLoader.loadImpl(FXMLLoader.java:2548)
	at javafx.fxml/javafx.fxml.FXMLLoader.load(FXMLLoader.java:2516)
	at com.tiantan.controller.MainController.initTabControllers(MainController.java:127)
	at com.tiantan.controller.MainController.initialize(MainController.java:79)
	at javafx.fxml/javafx.fxml.FXMLLoader.loadImpl(FXMLLoader.java:2655)
	at javafx.fxml/javafx.fxml.FXMLLoader.loadImpl(FXMLLoader.java:2548)
	at javafx.fxml/javafx.fxml.FXMLLoader.load(FXMLLoader.java:2516)
	at com.tiantan.view.MainView.initialize(MainView.java:43)
	at com.tiantan.App.start(App.java:30)
	at javafx.graphics/com.sun.javafx.application.LauncherImpl.lambda$launchApplication1$9(LauncherImpl.java:847)
	at javafx.graphics/com.sun.javafx.application.PlatformImpl.lambda$runAndWait$12(PlatformImpl.java:484)
	at javafx.graphics/com.sun.javafx.application.PlatformImpl.lambda$runLater$10(PlatformImpl.java:457)
	at java.base/java.security.AccessController.doPrivileged(AccessController.java:400)
	at javafx.graphics/com.sun.javafx.application.PlatformImpl.lambda$runLater$11(PlatformImpl.java:456)
	at javafx.graphics/com.sun.glass.ui.InvokeLaterDispatcher$Future.run(InvokeLaterDispatcher.java:96)
	at javafx.graphics/com.sun.glass.ui.win.WinApplication._runLoop(Native Method)
	at javafx.graphics/com.sun.glass.ui.win.WinApplication.lambda$runLoop$3(WinApplication.java:184)
	at java.base/java.lang.Thread.run(Thread.java:1570)
2025-03-10 18:25:35.026 [JavaFX Application Thread] ERROR c.tiantan.controller.MapController - 加载占位图失败
java.lang.NullPointerException: Input stream must not be null
	at javafx.graphics/javafx.scene.image.Image.validateInputStream(Image.java:1142)
	at javafx.graphics/javafx.scene.image.Image.<init>(Image.java:705)
	at com.tiantan.controller.MapController.initMapBackground(MapController.java:158)
	at com.tiantan.controller.MapController.initialize(MapController.java:95)
	at javafx.fxml/javafx.fxml.FXMLLoader.loadImpl(FXMLLoader.java:2655)
	at javafx.fxml/javafx.fxml.FXMLLoader.loadImpl(FXMLLoader.java:2548)
	at javafx.fxml/javafx.fxml.FXMLLoader.load(FXMLLoader.java:2516)
	at com.tiantan.controller.MainController.initTabControllers(MainController.java:127)
	at com.tiantan.controller.MainController.initialize(MainController.java:79)
	at javafx.fxml/javafx.fxml.FXMLLoader.loadImpl(FXMLLoader.java:2655)
	at javafx.fxml/javafx.fxml.FXMLLoader.loadImpl(FXMLLoader.java:2548)
	at javafx.fxml/javafx.fxml.FXMLLoader.load(FXMLLoader.java:2516)
	at com.tiantan.view.MainView.initialize(MainView.java:43)
	at com.tiantan.App.start(App.java:30)
	at javafx.graphics/com.sun.javafx.application.LauncherImpl.lambda$launchApplication1$9(LauncherImpl.java:847)
	at javafx.graphics/com.sun.javafx.application.PlatformImpl.lambda$runAndWait$12(PlatformImpl.java:484)
	at javafx.graphics/com.sun.javafx.application.PlatformImpl.lambda$runLater$10(PlatformImpl.java:457)
	at java.base/java.security.AccessController.doPrivileged(AccessController.java:400)
	at javafx.graphics/com.sun.javafx.application.PlatformImpl.lambda$runLater$11(PlatformImpl.java:456)
	at javafx.graphics/com.sun.glass.ui.InvokeLaterDispatcher$Future.run(InvokeLaterDispatcher.java:96)
	at javafx.graphics/com.sun.glass.ui.win.WinApplication._runLoop(Native Method)
	at javafx.graphics/com.sun.glass.ui.win.WinApplication.lambda$runLoop$3(WinApplication.java:184)
	at java.base/java.lang.Thread.run(Thread.java:1570)
2025-03-10 18:25:35.094 [JavaFX Application Thread] WARN  c.tiantan.controller.MapController - 创建了空白地图
2025-03-10 18:25:35.104 [JavaFX Application Thread] ERROR c.tiantan.controller.MainController - 初始化标签页控制器失败
javafx.fxml.LoadException: 
/F:/code_vs/third/demo/target/classes/fxml/MapView.fxml

	at javafx.fxml/javafx.fxml.FXMLLoader.constructLoadException(FXMLLoader.java:2707)
	at javafx.fxml/javafx.fxml.FXMLLoader.loadImpl(FXMLLoader.java:2685)
	at javafx.fxml/javafx.fxml.FXMLLoader.loadImpl(FXMLLoader.java:2548)
	at javafx.fxml/javafx.fxml.FXMLLoader.load(FXMLLoader.java:2516)
	at com.tiantan.controller.MainController.initTabControllers(MainController.java:127)
	at com.tiantan.controller.MainController.initialize(MainController.java:79)
	at javafx.fxml/javafx.fxml.FXMLLoader.loadImpl(FXMLLoader.java:2655)
	at javafx.fxml/javafx.fxml.FXMLLoader.loadImpl(FXMLLoader.java:2548)
	at javafx.fxml/javafx.fxml.FXMLLoader.load(FXMLLoader.java:2516)
	at com.tiantan.view.MainView.initialize(MainView.java:43)
	at com.tiantan.App.start(App.java:30)
	at javafx.graphics/com.sun.javafx.application.LauncherImpl.lambda$launchApplication1$9(LauncherImpl.java:847)
	at javafx.graphics/com.sun.javafx.application.PlatformImpl.lambda$runAndWait$12(PlatformImpl.java:484)
	at javafx.graphics/com.sun.javafx.application.PlatformImpl.lambda$runLater$10(PlatformImpl.java:457)
	at java.base/java.security.AccessController.doPrivileged(AccessController.java:400)
	at javafx.graphics/com.sun.javafx.application.PlatformImpl.lambda$runLater$11(PlatformImpl.java:456)
	at javafx.graphics/com.sun.glass.ui.InvokeLaterDispatcher$Future.run(InvokeLaterDispatcher.java:96)
	at javafx.graphics/com.sun.glass.ui.win.WinApplication._runLoop(Native Method)
	at javafx.graphics/com.sun.glass.ui.win.WinApplication.lambda$runLoop$3(WinApplication.java:184)
	at java.base/java.lang.Thread.run(Thread.java:1570)
Caused by: java.lang.NullPointerException: Cannot invoke "javafx.scene.image.ImageView.fitWidthProperty()" because "this.mapImageView" is null
	at com.tiantan.controller.MapController.bindProperties(MapController.java:226)
	at com.tiantan.controller.MapController.initialize(MapController.java:101)
	at javafx.fxml/javafx.fxml.FXMLLoader.loadImpl(FXMLLoader.java:2655)
	... 18 common frames omitted
2025-03-10 18:25:35.159 [JavaFX Application Thread] INFO  com.tiantan.util.FileUtil - 已创建示例景点数据
2025-03-10 18:25:35.193 [JavaFX Application Thread] ERROR com.tiantan.util.FileUtil - 加载景点数据失败
com.fasterxml.jackson.databind.exc.InvalidDefinitionException: Cannot construct instance of `com.tiantan.model.data.ScenicSpot` (no Creators, like default constructor, exist): cannot deserialize from Object value (no delegate- or property-based Creator)
 at [Source: (BufferedReader); line: 2, column: 3] (through reference chain: java.lang.Object[][0])
	at com.fasterxml.jackson.databind.exc.InvalidDefinitionException.from(InvalidDefinitionException.java:67)
	at com.fasterxml.jackson.databind.DeserializationContext.reportBadDefinition(DeserializationContext.java:1909)
	at com.fasterxml.jackson.databind.DatabindContext.reportBadDefinition(DatabindContext.java:408)
	at com.fasterxml.jackson.databind.DeserializationContext.handleMissingInstantiator(DeserializationContext.java:1354)
	at com.fasterxml.jackson.databind.deser.BeanDeserializerBase.deserializeFromObjectUsingNonDefault(BeanDeserializerBase.java:1420)
	at com.fasterxml.jackson.databind.deser.BeanDeserializer.deserializeFromObject(BeanDeserializer.java:352)
	at com.fasterxml.jackson.databind.deser.BeanDeserializer.deserialize(BeanDeserializer.java:185)
	at com.fasterxml.jackson.databind.deser.std.ObjectArrayDeserializer.deserialize(ObjectArrayDeserializer.java:216)
	at com.fasterxml.jackson.databind.deser.std.ObjectArrayDeserializer.deserialize(ObjectArrayDeserializer.java:26)
	at com.fasterxml.jackson.databind.deser.DefaultDeserializationContext.readRootValue(DefaultDeserializationContext.java:323)
	at com.fasterxml.jackson.databind.ObjectMapper._readMapAndClose(ObjectMapper.java:4730)
	at com.fasterxml.jackson.databind.ObjectMapper.readValue(ObjectMapper.java:3690)
	at com.tiantan.util.FileUtil.loadScenicSpots(FileUtil.java:57)
	at com.tiantan.controller.MainController.loadData(MainController.java:184)
	at com.tiantan.controller.MainController.initialize(MainController.java:89)
	at javafx.fxml/javafx.fxml.FXMLLoader.loadImpl(FXMLLoader.java:2655)
	at javafx.fxml/javafx.fxml.FXMLLoader.loadImpl(FXMLLoader.java:2548)
	at javafx.fxml/javafx.fxml.FXMLLoader.load(FXMLLoader.java:2516)
	at com.tiantan.view.MainView.initialize(MainView.java:43)
	at com.tiantan.App.start(App.java:30)
	at javafx.graphics/com.sun.javafx.application.LauncherImpl.lambda$launchApplication1$9(LauncherImpl.java:847)
	at javafx.graphics/com.sun.javafx.application.PlatformImpl.lambda$runAndWait$12(PlatformImpl.java:484)
	at javafx.graphics/com.sun.javafx.application.PlatformImpl.lambda$runLater$10(PlatformImpl.java:457)
	at java.base/java.security.AccessController.doPrivileged(AccessController.java:400)
	at javafx.graphics/com.sun.javafx.application.PlatformImpl.lambda$runLater$11(PlatformImpl.java:456)
	at javafx.graphics/com.sun.glass.ui.InvokeLaterDispatcher$Future.run(InvokeLaterDispatcher.java:96)
	at javafx.graphics/com.sun.glass.ui.win.WinApplication._runLoop(Native Method)
	at javafx.graphics/com.sun.glass.ui.win.WinApplication.lambda$runLoop$3(WinApplication.java:184)
	at java.base/java.lang.Thread.run(Thread.java:1570)
2025-03-10 18:25:35.195 [JavaFX Application Thread] INFO  com.tiantan.util.FileUtil - 已创建示例图数据
2025-03-10 18:25:35.198 [JavaFX Application Thread] INFO  com.tiantan.util.FileUtil - 成功加载景区图数据, 顶点数: 0, 边数: 0
2025-03-10 18:25:35.198 [JavaFX Application Thread] ERROR com.tiantan.view.MainView - 主视图初始化失败
javafx.fxml.LoadException: 
/F:/code_vs/third/demo/target/classes/fxml/MainView.fxml

	at javafx.fxml/javafx.fxml.FXMLLoader.constructLoadException(FXMLLoader.java:2707)
	at javafx.fxml/javafx.fxml.FXMLLoader.loadImpl(FXMLLoader.java:2685)
	at javafx.fxml/javafx.fxml.FXMLLoader.loadImpl(FXMLLoader.java:2548)
	at javafx.fxml/javafx.fxml.FXMLLoader.load(FXMLLoader.java:2516)
	at com.tiantan.view.MainView.initialize(MainView.java:43)
	at com.tiantan.App.start(App.java:30)
	at javafx.graphics/com.sun.javafx.application.LauncherImpl.lambda$launchApplication1$9(LauncherImpl.java:847)
	at javafx.graphics/com.sun.javafx.application.PlatformImpl.lambda$runAndWait$12(PlatformImpl.java:484)
	at javafx.graphics/com.sun.javafx.application.PlatformImpl.lambda$runLater$10(PlatformImpl.java:457)
	at java.base/java.security.AccessController.doPrivileged(AccessController.java:400)
	at javafx.graphics/com.sun.javafx.application.PlatformImpl.lambda$runLater$11(PlatformImpl.java:456)
	at javafx.graphics/com.sun.glass.ui.InvokeLaterDispatcher$Future.run(InvokeLaterDispatcher.java:96)
	at javafx.graphics/com.sun.glass.ui.win.WinApplication._runLoop(Native Method)
	at javafx.graphics/com.sun.glass.ui.win.WinApplication.lambda$runLoop$3(WinApplication.java:184)
	at java.base/java.lang.Thread.run(Thread.java:1570)
Caused by: java.lang.NullPointerException: Cannot invoke "com.tiantan.controller.MapController.initializeMap(com.tiantan.model.data.SpotList, com.tiantan.model.graph.ScenicGraph)" because "this.mapController" is null
	at com.tiantan.controller.MainController.loadData(MainController.java:195)
	at com.tiantan.controller.MainController.initialize(MainController.java:89)
	at javafx.fxml/javafx.fxml.FXMLLoader.loadImpl(FXMLLoader.java:2655)
	... 13 common frames omitted
2025-03-10 18:25:35.198 [JavaFX Application Thread] ERROR com.tiantan.App - 应用初始化失败
2025-03-10 18:39:22.512 [JavaFX Application Thread] INFO  com.tiantan.util.FileUtil - 成功加载应用设置
2025-03-10 18:39:22.569 [JavaFX Application Thread] ERROR c.tiantan.controller.MapController - 加载地图图像失败
java.lang.NullPointerException: Input stream must not be null
	at javafx.graphics/javafx.scene.image.Image.validateInputStream(Image.java:1142)
	at javafx.graphics/javafx.scene.image.Image.<init>(Image.java:705)
	at com.tiantan.controller.MapController.initMapBackground(MapController.java:138)
	at com.tiantan.controller.MapController.initialize(MapController.java:95)
	at javafx.fxml/javafx.fxml.FXMLLoader.loadImpl(FXMLLoader.java:2655)
	at javafx.fxml/javafx.fxml.FXMLLoader.loadImpl(FXMLLoader.java:2548)
	at javafx.fxml/javafx.fxml.FXMLLoader.load(FXMLLoader.java:2516)
	at com.tiantan.controller.MainController.initTabControllers(MainController.java:127)
	at com.tiantan.controller.MainController.initialize(MainController.java:79)
	at javafx.fxml/javafx.fxml.FXMLLoader.loadImpl(FXMLLoader.java:2655)
	at javafx.fxml/javafx.fxml.FXMLLoader.loadImpl(FXMLLoader.java:2548)
	at javafx.fxml/javafx.fxml.FXMLLoader.load(FXMLLoader.java:2516)
	at com.tiantan.view.MainView.initialize(MainView.java:43)
	at com.tiantan.App.start(App.java:30)
	at javafx.graphics/com.sun.javafx.application.LauncherImpl.lambda$launchApplication1$9(LauncherImpl.java:847)
	at javafx.graphics/com.sun.javafx.application.PlatformImpl.lambda$runAndWait$12(PlatformImpl.java:484)
	at javafx.graphics/com.sun.javafx.application.PlatformImpl.lambda$runLater$10(PlatformImpl.java:457)
	at java.base/java.security.AccessController.doPrivileged(AccessController.java:400)
	at javafx.graphics/com.sun.javafx.application.PlatformImpl.lambda$runLater$11(PlatformImpl.java:456)
	at javafx.graphics/com.sun.glass.ui.InvokeLaterDispatcher$Future.run(InvokeLaterDispatcher.java:96)
	at javafx.graphics/com.sun.glass.ui.win.WinApplication._runLoop(Native Method)
	at javafx.graphics/com.sun.glass.ui.win.WinApplication.lambda$runLoop$3(WinApplication.java:184)
	at java.base/java.lang.Thread.run(Thread.java:1570)
2025-03-10 18:39:22.574 [JavaFX Application Thread] ERROR c.tiantan.controller.MapController - 加载占位图失败
java.lang.NullPointerException: Input stream must not be null
	at javafx.graphics/javafx.scene.image.Image.validateInputStream(Image.java:1142)
	at javafx.graphics/javafx.scene.image.Image.<init>(Image.java:705)
	at com.tiantan.controller.MapController.initMapBackground(MapController.java:158)
	at com.tiantan.controller.MapController.initialize(MapController.java:95)
	at javafx.fxml/javafx.fxml.FXMLLoader.loadImpl(FXMLLoader.java:2655)
	at javafx.fxml/javafx.fxml.FXMLLoader.loadImpl(FXMLLoader.java:2548)
	at javafx.fxml/javafx.fxml.FXMLLoader.load(FXMLLoader.java:2516)
	at com.tiantan.controller.MainController.initTabControllers(MainController.java:127)
	at com.tiantan.controller.MainController.initialize(MainController.java:79)
	at javafx.fxml/javafx.fxml.FXMLLoader.loadImpl(FXMLLoader.java:2655)
	at javafx.fxml/javafx.fxml.FXMLLoader.loadImpl(FXMLLoader.java:2548)
	at javafx.fxml/javafx.fxml.FXMLLoader.load(FXMLLoader.java:2516)
	at com.tiantan.view.MainView.initialize(MainView.java:43)
	at com.tiantan.App.start(App.java:30)
	at javafx.graphics/com.sun.javafx.application.LauncherImpl.lambda$launchApplication1$9(LauncherImpl.java:847)
	at javafx.graphics/com.sun.javafx.application.PlatformImpl.lambda$runAndWait$12(PlatformImpl.java:484)
	at javafx.graphics/com.sun.javafx.application.PlatformImpl.lambda$runLater$10(PlatformImpl.java:457)
	at java.base/java.security.AccessController.doPrivileged(AccessController.java:400)
	at javafx.graphics/com.sun.javafx.application.PlatformImpl.lambda$runLater$11(PlatformImpl.java:456)
	at javafx.graphics/com.sun.glass.ui.InvokeLaterDispatcher$Future.run(InvokeLaterDispatcher.java:96)
	at javafx.graphics/com.sun.glass.ui.win.WinApplication._runLoop(Native Method)
	at javafx.graphics/com.sun.glass.ui.win.WinApplication.lambda$runLoop$3(WinApplication.java:184)
	at java.base/java.lang.Thread.run(Thread.java:1570)
2025-03-10 18:39:22.639 [JavaFX Application Thread] WARN  c.tiantan.controller.MapController - 创建了空白地图
2025-03-10 18:39:22.649 [JavaFX Application Thread] ERROR c.tiantan.controller.MainController - 初始化标签页控制器失败
javafx.fxml.LoadException: 
/F:/code_vs/third/demo/target/classes/fxml/MapView.fxml

	at javafx.fxml/javafx.fxml.FXMLLoader.constructLoadException(FXMLLoader.java:2707)
	at javafx.fxml/javafx.fxml.FXMLLoader.loadImpl(FXMLLoader.java:2685)
	at javafx.fxml/javafx.fxml.FXMLLoader.loadImpl(FXMLLoader.java:2548)
	at javafx.fxml/javafx.fxml.FXMLLoader.load(FXMLLoader.java:2516)
	at com.tiantan.controller.MainController.initTabControllers(MainController.java:127)
	at com.tiantan.controller.MainController.initialize(MainController.java:79)
	at javafx.fxml/javafx.fxml.FXMLLoader.loadImpl(FXMLLoader.java:2655)
	at javafx.fxml/javafx.fxml.FXMLLoader.loadImpl(FXMLLoader.java:2548)
	at javafx.fxml/javafx.fxml.FXMLLoader.load(FXMLLoader.java:2516)
	at com.tiantan.view.MainView.initialize(MainView.java:43)
	at com.tiantan.App.start(App.java:30)
	at javafx.graphics/com.sun.javafx.application.LauncherImpl.lambda$launchApplication1$9(LauncherImpl.java:847)
	at javafx.graphics/com.sun.javafx.application.PlatformImpl.lambda$runAndWait$12(PlatformImpl.java:484)
	at javafx.graphics/com.sun.javafx.application.PlatformImpl.lambda$runLater$10(PlatformImpl.java:457)
	at java.base/java.security.AccessController.doPrivileged(AccessController.java:400)
	at javafx.graphics/com.sun.javafx.application.PlatformImpl.lambda$runLater$11(PlatformImpl.java:456)
	at javafx.graphics/com.sun.glass.ui.InvokeLaterDispatcher$Future.run(InvokeLaterDispatcher.java:96)
	at javafx.graphics/com.sun.glass.ui.win.WinApplication._runLoop(Native Method)
	at javafx.graphics/com.sun.glass.ui.win.WinApplication.lambda$runLoop$3(WinApplication.java:184)
	at java.base/java.lang.Thread.run(Thread.java:1570)
Caused by: java.lang.NullPointerException: Cannot invoke "javafx.scene.image.ImageView.fitWidthProperty()" because "this.mapImageView" is null
	at com.tiantan.controller.MapController.bindProperties(MapController.java:226)
	at com.tiantan.controller.MapController.initialize(MapController.java:101)
	at javafx.fxml/javafx.fxml.FXMLLoader.loadImpl(FXMLLoader.java:2655)
	... 18 common frames omitted
2025-03-10 18:39:22.709 [JavaFX Application Thread] ERROR com.tiantan.util.FileUtil - 加载景点数据失败
com.fasterxml.jackson.databind.exc.InvalidDefinitionException: Cannot construct instance of `com.tiantan.model.data.ScenicSpot` (no Creators, like default constructor, exist): cannot deserialize from Object value (no delegate- or property-based Creator)
 at [Source: (BufferedReader); line: 2, column: 3] (through reference chain: java.lang.Object[][0])
	at com.fasterxml.jackson.databind.exc.InvalidDefinitionException.from(InvalidDefinitionException.java:67)
	at com.fasterxml.jackson.databind.DeserializationContext.reportBadDefinition(DeserializationContext.java:1909)
	at com.fasterxml.jackson.databind.DatabindContext.reportBadDefinition(DatabindContext.java:408)
	at com.fasterxml.jackson.databind.DeserializationContext.handleMissingInstantiator(DeserializationContext.java:1354)
	at com.fasterxml.jackson.databind.deser.BeanDeserializerBase.deserializeFromObjectUsingNonDefault(BeanDeserializerBase.java:1420)
	at com.fasterxml.jackson.databind.deser.BeanDeserializer.deserializeFromObject(BeanDeserializer.java:352)
	at com.fasterxml.jackson.databind.deser.BeanDeserializer.deserialize(BeanDeserializer.java:185)
	at com.fasterxml.jackson.databind.deser.std.ObjectArrayDeserializer.deserialize(ObjectArrayDeserializer.java:216)
	at com.fasterxml.jackson.databind.deser.std.ObjectArrayDeserializer.deserialize(ObjectArrayDeserializer.java:26)
	at com.fasterxml.jackson.databind.deser.DefaultDeserializationContext.readRootValue(DefaultDeserializationContext.java:323)
	at com.fasterxml.jackson.databind.ObjectMapper._readMapAndClose(ObjectMapper.java:4730)
	at com.fasterxml.jackson.databind.ObjectMapper.readValue(ObjectMapper.java:3690)
	at com.tiantan.util.FileUtil.loadScenicSpots(FileUtil.java:57)
	at com.tiantan.controller.MainController.loadData(MainController.java:184)
	at com.tiantan.controller.MainController.initialize(MainController.java:89)
	at javafx.fxml/javafx.fxml.FXMLLoader.loadImpl(FXMLLoader.java:2655)
	at javafx.fxml/javafx.fxml.FXMLLoader.loadImpl(FXMLLoader.java:2548)
	at javafx.fxml/javafx.fxml.FXMLLoader.load(FXMLLoader.java:2516)
	at com.tiantan.view.MainView.initialize(MainView.java:43)
	at com.tiantan.App.start(App.java:30)
	at javafx.graphics/com.sun.javafx.application.LauncherImpl.lambda$launchApplication1$9(LauncherImpl.java:847)
	at javafx.graphics/com.sun.javafx.application.PlatformImpl.lambda$runAndWait$12(PlatformImpl.java:484)
	at javafx.graphics/com.sun.javafx.application.PlatformImpl.lambda$runLater$10(PlatformImpl.java:457)
	at java.base/java.security.AccessController.doPrivileged(AccessController.java:400)
	at javafx.graphics/com.sun.javafx.application.PlatformImpl.lambda$runLater$11(PlatformImpl.java:456)
	at javafx.graphics/com.sun.glass.ui.InvokeLaterDispatcher$Future.run(InvokeLaterDispatcher.java:96)
	at javafx.graphics/com.sun.glass.ui.win.WinApplication._runLoop(Native Method)
	at javafx.graphics/com.sun.glass.ui.win.WinApplication.lambda$runLoop$3(WinApplication.java:184)
	at java.base/java.lang.Thread.run(Thread.java:1570)
2025-03-10 18:39:22.712 [JavaFX Application Thread] INFO  com.tiantan.util.FileUtil - 成功加载景区图数据, 顶点数: 0, 边数: 0
2025-03-10 18:39:22.714 [JavaFX Application Thread] ERROR com.tiantan.view.MainView - 主视图初始化失败
javafx.fxml.LoadException: 
/F:/code_vs/third/demo/target/classes/fxml/MainView.fxml

	at javafx.fxml/javafx.fxml.FXMLLoader.constructLoadException(FXMLLoader.java:2707)
	at javafx.fxml/javafx.fxml.FXMLLoader.loadImpl(FXMLLoader.java:2685)
	at javafx.fxml/javafx.fxml.FXMLLoader.loadImpl(FXMLLoader.java:2548)
	at javafx.fxml/javafx.fxml.FXMLLoader.load(FXMLLoader.java:2516)
	at com.tiantan.view.MainView.initialize(MainView.java:43)
	at com.tiantan.App.start(App.java:30)
	at javafx.graphics/com.sun.javafx.application.LauncherImpl.lambda$launchApplication1$9(LauncherImpl.java:847)
	at javafx.graphics/com.sun.javafx.application.PlatformImpl.lambda$runAndWait$12(PlatformImpl.java:484)
	at javafx.graphics/com.sun.javafx.application.PlatformImpl.lambda$runLater$10(PlatformImpl.java:457)
	at java.base/java.security.AccessController.doPrivileged(AccessController.java:400)
	at javafx.graphics/com.sun.javafx.application.PlatformImpl.lambda$runLater$11(PlatformImpl.java:456)
	at javafx.graphics/com.sun.glass.ui.InvokeLaterDispatcher$Future.run(InvokeLaterDispatcher.java:96)
	at javafx.graphics/com.sun.glass.ui.win.WinApplication._runLoop(Native Method)
	at javafx.graphics/com.sun.glass.ui.win.WinApplication.lambda$runLoop$3(WinApplication.java:184)
	at java.base/java.lang.Thread.run(Thread.java:1570)
Caused by: java.lang.NullPointerException: Cannot invoke "com.tiantan.controller.MapController.initializeMap(com.tiantan.model.data.SpotList, com.tiantan.model.graph.ScenicGraph)" because "this.mapController" is null
	at com.tiantan.controller.MainController.loadData(MainController.java:195)
	at com.tiantan.controller.MainController.initialize(MainController.java:89)
	at javafx.fxml/javafx.fxml.FXMLLoader.loadImpl(FXMLLoader.java:2655)
	... 13 common frames omitted
2025-03-10 18:39:22.715 [JavaFX Application Thread] ERROR com.tiantan.App - 应用初始化失败
